Arguments: 
  C:\Program Files\nodejs\node.exe C:\Users\HP\AppData\Roaming\npm\node_modules\yarn\bin\yarn.js init

PATH: 
  C:\Program Files\Eclipse Adoptium\jdk-17.0.2.8-hotspot\bin;C:\Program Files (x86)\Common Files\Oracle\Java\javapath;C:\Program Files\AdoptOpenJDK\jdk-11.0.4.11-hotspot\bin;C:\WINDOWS\system32;C:\WINDOWS;C:\WINDOWS\System32\Wbem;C:\WINDOWS\System32\WindowsPowerShell\v1.0\;C:\WINDOWS\System32\OpenSSH\;C:\Program Files (x86)\Windows Live\Shared;C:\Program Files\Java\jdk1.8.0_221\bin;C:\Program Files\Intel\WiFi\bin\;C:\Program Files\Common Files\Intel\WirelessCommon\;C:\Program Files (x86)\mingw-w64\i686-8.1.0-posix-dwarf-rt_v6-rev0\mingw32\bin;C:\Program Files\Go\bin;C:\Program Files\Git\cmd;C:\ProgramData\chocolatey\bin;C:\Program Files\dotnet\;C:\Program Files (x86)\dotnet\;C:\Program Files\nodejs\;C:\Program Files\PuTTY\;C:\Users\HP\AppData\Local\Programs\Python\Python310\Scripts\;C:\Users\HP\AppData\Local\Programs\Python\Python310\;C:\Users\HP\.cargo\bin;C:\Wincupl\WINCUPL\EXE;C:\Wincupl\WINCUPL\FITTERS;C:\Users\HP\AppData\Local\Microsoft\WindowsApps;C:\Program Files\JetBrains\PyCharm Community Edition 2020.2.1\bin;;C:\Users\HP\AppData\Local\hyper\app-3.0.2\resources\bin;C:\Program Files (x86)\mingw-w64\i686-8.1.0-posix-dwarf-rt_v6-rev0\mingw32\bin;C:\Users\HP\go\bin;C:\Users\HP\AppData\Local\Programs\Microsoft VS Code\bin;C:\intelFPGA_lite\21.1\questa_fse\win64;C:\Users\HP\AppData\Roaming\npm;C:\intelFPGA_pro\22.3\questa_fse\win64

Yarn version: 
  1.22.19

Node version: 
  16.17.1

Platform: 
  win32 x64

Trace: 
  Error: canceled
      at Interface.<anonymous> (C:\Users\HP\AppData\Roaming\npm\node_modules\yarn\lib\cli.js:137150:13)
      at Interface.emit (node:events:513:28)
      at Interface._ttyWrite (node:readline:1085:16)
      at ReadStream.onkeypress (node:readline:291:10)
      at ReadStream.emit (node:events:513:28)
      at emitKeys (node:internal/readline/utils:357:14)
      at emitKeys.next (<anonymous>)
      at ReadStream.onData (node:internal/readline/emitKeypressEvents:61:36)
      at ReadStream.emit (node:events:513:28)
      at addChunk (node:internal/streams/readable:315:12)

npm manifest: 
  {
    "dependencies": {
      "bcrypt": "^5.1.0",
      "chalk": "^5.1.2",
      "cors": "^2.8.5",
      "express": "^4.18.2",
      "mongoose": "^6.7.3",
      "randomatic": "^3.1.1",
      "randomize": "^0.0.4",
      "yarn": "^1.22.19"
    },
    "devDependencies": {
      "nodemon": "^2.0.20"
    },
    "name": "van-dasw",
    "version": "1.0.0",
    "main": "server.mjs",
    "scripts": {
      "devStart": "nodemon ./BACKEND/server.mjs"
    },
    "keywords": [],
    "author": "van",
    "license": "ISC",
    "description": "van-dasw",
    "repository": "https://github.com/valrmzl/DASW-PROYECTO-FINAL-VAN"
  }

yarn manifest: 
  No manifest

Lockfile: 
  No lockfile
